2015-10-22 15:39:40,306 [Worker-5] INFO  o.e.m.c.i.l.LifecycleMappingFactory - Using org.eclipse.m2e.jdt.JarLifecycleMapping lifecycle mapping for MavenProject: Bankonet:Bankonet-ihm-client:0.0.1 @ C:\Users\ETY\Desktop\Clever\GITHUB\Bankonet\bankonet-ihm-client\pom.xml.
2015-10-22 15:39:40,561 [Worker-5] INFO  o.e.m.c.i.l.LifecycleMappingFactory - Using org.eclipse.m2e.jdt.JarLifecycleMapping lifecycle mapping for MavenProject: Bankonet:Bankonet-ihm-conseiller:0.0.1 @ C:\Users\ETY\Desktop\Clever\GITHUB\Bankonet\bankonet-ihm-conseiller\pom.xml.
2015-10-22 15:39:40,646 [Worker-5] INFO  o.e.m.c.i.l.LifecycleMappingFactory - Using org.eclipse.m2e.jdt.JarLifecycleMapping lifecycle mapping for MavenProject: Bankonet:Bankonet-ihm-designpatterncommand:0.0.1 @ C:\Users\ETY\Desktop\Clever\GITHUB\Bankonet\bankonet-ihm-designpatterncommand\pom.xml.
2015-10-22 15:39:40,875 [Worker-5] INFO  o.e.m.c.i.l.LifecycleMappingFactory - Using org.eclipse.m2e.jdt.JarLifecycleMapping lifecycle mapping for MavenProject: Bankonet:Bankonet-lib:0.0.1 @ C:\Users\ETY\Desktop\Clever\GITHUB\Bankonet\bankonet-lib\pom.xml.
2015-10-22 15:39:41,923 [Worker-5] INFO  o.e.m.j.i.AbstractJavaProjectConfigurator - Adding source folder /bankonet-lib/src/main/java
2015-10-22 15:39:41,924 [Worker-5] INFO  o.e.m.j.i.AbstractJavaProjectConfigurator - Adding resource folder /bankonet-lib/src/main/resources
2015-10-22 15:39:41,925 [Worker-5] INFO  o.e.m.j.i.AbstractJavaProjectConfigurator - Adding source folder /bankonet-lib/src/test/java
2015-10-22 15:39:41,925 [Worker-5] INFO  o.e.m.j.i.AbstractJavaProjectConfigurator - Adding resource folder /bankonet-lib/src/test/resources
2015-10-22 15:39:42,018 [Worker-5] INFO  o.e.m.j.i.AbstractJavaProjectConfigurator - Adding source folder /bankonet-ihm-client/src/main/java
2015-10-22 15:39:42,018 [Worker-5] INFO  o.e.m.j.i.AbstractJavaProjectConfigurator - Adding resource folder /bankonet-ihm-client/src/main/resources
2015-10-22 15:39:42,019 [Worker-5] INFO  o.e.m.j.i.AbstractJavaProjectConfigurator - Adding source folder /bankonet-ihm-client/src/test/java
2015-10-22 15:39:42,020 [Worker-5] INFO  o.e.m.j.i.AbstractJavaProjectConfigurator - Adding resource folder /bankonet-ihm-client/src/test/resources
2015-10-22 15:39:42,195 [Worker-5] INFO  o.e.m.j.i.AbstractJavaProjectConfigurator - Adding source folder /bankonet-ihm-conseiller/src/main/java
2015-10-22 15:39:42,195 [Worker-5] INFO  o.e.m.j.i.AbstractJavaProjectConfigurator - Adding resource folder /bankonet-ihm-conseiller/src/main/resources
2015-10-22 15:39:42,196 [Worker-5] INFO  o.e.m.j.i.AbstractJavaProjectConfigurator - Adding source folder /bankonet-ihm-conseiller/src/test/java
2015-10-22 15:39:42,197 [Worker-5] INFO  o.e.m.j.i.AbstractJavaProjectConfigurator - Adding resource folder /bankonet-ihm-conseiller/src/test/resources
2015-10-22 15:39:42,286 [Worker-5] INFO  o.e.m.j.i.AbstractJavaProjectConfigurator - Adding source folder /bankonet-ihm-designpatterncommand/src/main/java
2015-10-22 15:39:42,287 [Worker-5] INFO  o.e.m.j.i.AbstractJavaProjectConfigurator - Adding resource folder /bankonet-ihm-designpatterncommand/src/main/resources
2015-10-22 15:39:42,288 [Worker-5] INFO  o.e.m.j.i.AbstractJavaProjectConfigurator - Adding source folder /bankonet-ihm-designpatterncommand/src/test/java
2015-10-22 15:39:42,288 [Worker-5] INFO  o.e.m.j.i.AbstractJavaProjectConfigurator - Adding resource folder /bankonet-ihm-designpatterncommand/src/test/resources
2015-10-22 15:39:42,372 [Worker-5] INFO  o.e.m.c.i.p.ProjectConfigurationManager - Imported and configured 4 project(s) in 4 sec
2015-10-22 15:39:44,396 [Worker-0] WARN  o.e.m.c.i.embedder.EclipseLogger - Using platform encoding (Cp1252 actually) to copy filtered resources, i.e. build is platform dependent!
2015-10-22 15:39:44,407 [Worker-0] INFO  o.e.m.c.i.embedder.EclipseLogger - Copying 1 resource
2015-10-22 15:39:44,421 [Worker-0] WARN  o.e.m.c.i.embedder.EclipseLogger - Using platform encoding (Cp1252 actually) to copy filtered resources, i.e. build is platform dependent!
2015-10-22 15:39:44,428 [Worker-0] INFO  o.e.m.c.i.embedder.EclipseLogger - Copying 0 resource
2015-10-22 15:39:50,339 [Worker-0] WARN  o.e.m.c.i.embedder.EclipseLogger - Using platform encoding (Cp1252 actually) to copy filtered resources, i.e. build is platform dependent!
2015-10-22 15:39:50,347 [Worker-0] INFO  o.e.m.c.i.embedder.EclipseLogger - Copying 1 resource
2015-10-22 15:39:50,354 [Worker-0] WARN  o.e.m.c.i.embedder.EclipseLogger - Using platform encoding (Cp1252 actually) to copy filtered resources, i.e. build is platform dependent!
2015-10-22 15:39:50,360 [Worker-0] INFO  o.e.m.c.i.embedder.EclipseLogger - Copying 0 resource
2015-10-22 15:39:51,510 [Worker-6] WARN  o.e.m.c.i.embedder.EclipseLogger - Using platform encoding (Cp1252 actually) to copy filtered resources, i.e. build is platform dependent!
2015-10-22 15:39:51,523 [Worker-6] INFO  o.e.m.c.i.embedder.EclipseLogger - Copying 1 resource
2015-10-22 15:39:51,537 [Worker-6] WARN  o.e.m.c.i.embedder.EclipseLogger - Using platform encoding (Cp1252 actually) to copy filtered resources, i.e. build is platform dependent!
2015-10-22 15:39:51,546 [Worker-6] INFO  o.e.m.c.i.embedder.EclipseLogger - Copying 0 resource
2015-10-22 15:39:52,132 [Worker-11] WARN  o.e.m.c.i.embedder.EclipseLogger - Using platform encoding (Cp1252 actually) to copy filtered resources, i.e. build is platform dependent!
2015-10-22 15:39:52,145 [Worker-11] INFO  o.e.m.c.i.embedder.EclipseLogger - Copying 1 resource
2015-10-22 15:39:52,151 [Worker-11] WARN  o.e.m.c.i.embedder.EclipseLogger - Using platform encoding (Cp1252 actually) to copy filtered resources, i.e. build is platform dependent!
2015-10-22 15:39:52,160 [Worker-11] INFO  o.e.m.c.i.embedder.EclipseLogger - Copying 0 resource
2015-10-22 15:40:53,397 [Worker-7] INFO  o.e.m.c.i.p.ProjectConfigurationManager - Update started
2015-10-22 15:40:53,931 [Worker-7] INFO  o.e.m.c.i.l.LifecycleMappingFactory - Using org.eclipse.m2e.jdt.JarLifecycleMapping lifecycle mapping for MavenProject: Bankonet:Bankonet-ihm-client:0.0.1 @ C:\Users\ETY\Desktop\Clever\GITHUB\Bankonet\bankonet-ihm-client\pom.xml.
2015-10-22 15:40:54,073 [Worker-7] INFO  o.e.m.c.i.l.LifecycleMappingFactory - Using org.eclipse.m2e.jdt.JarLifecycleMapping lifecycle mapping for MavenProject: Bankonet:Bankonet-ihm-conseiller:0.0.1 @ C:\Users\ETY\Desktop\Clever\GITHUB\Bankonet\bankonet-ihm-conseiller\pom.xml.
2015-10-22 15:40:54,144 [Worker-7] INFO  o.e.m.c.i.l.LifecycleMappingFactory - Using org.eclipse.m2e.jdt.JarLifecycleMapping lifecycle mapping for MavenProject: Bankonet:Bankonet-ihm-designpatterncommand:0.0.1 @ C:\Users\ETY\Desktop\Clever\GITHUB\Bankonet\bankonet-ihm-designpatterncommand\pom.xml.
2015-10-22 15:40:54,212 [Worker-7] INFO  o.e.m.c.i.l.LifecycleMappingFactory - Using org.eclipse.m2e.jdt.JarLifecycleMapping lifecycle mapping for MavenProject: Bankonet:Bankonet-lib:0.0.1 @ C:\Users\ETY\Desktop\Clever\GITHUB\Bankonet\bankonet-lib\pom.xml.
2015-10-22 15:40:55,160 [Worker-7] INFO  o.e.m.j.i.AbstractJavaProjectConfigurator - Adding source folder /bankonet-ihm-client/src/main/java
2015-10-22 15:40:55,161 [Worker-7] INFO  o.e.m.j.i.AbstractJavaProjectConfigurator - Adding resource folder /bankonet-ihm-client/src/main/resources
2015-10-22 15:40:55,203 [Worker-7] INFO  o.e.m.j.i.AbstractJavaProjectConfigurator - Adding source folder /bankonet-ihm-client/src/test/java
2015-10-22 15:40:55,252 [Worker-7] INFO  o.e.m.j.i.AbstractJavaProjectConfigurator - Adding resource folder /bankonet-ihm-client/src/test/resources
2015-10-22 15:40:55,325 [Worker-7] INFO  o.e.m.j.i.AbstractJavaProjectConfigurator - Adding source folder /bankonet-ihm-conseiller/src/main/java
2015-10-22 15:40:55,326 [Worker-7] INFO  o.e.m.j.i.AbstractJavaProjectConfigurator - Adding resource folder /bankonet-ihm-conseiller/src/main/resources
2015-10-22 15:40:55,330 [Worker-7] INFO  o.e.m.j.i.AbstractJavaProjectConfigurator - Adding source folder /bankonet-ihm-conseiller/src/test/java
2015-10-22 15:40:55,331 [Worker-7] INFO  o.e.m.j.i.AbstractJavaProjectConfigurator - Adding resource folder /bankonet-ihm-conseiller/src/test/resources
2015-10-22 15:40:55,406 [Worker-7] INFO  o.e.m.j.i.AbstractJavaProjectConfigurator - Adding source folder /bankonet-ihm-designpatterncommand/src/main/java
2015-10-22 15:40:55,406 [Worker-7] INFO  o.e.m.j.i.AbstractJavaProjectConfigurator - Adding resource folder /bankonet-ihm-designpatterncommand/src/main/resources
2015-10-22 15:40:55,407 [Worker-7] INFO  o.e.m.j.i.AbstractJavaProjectConfigurator - Adding source folder /bankonet-ihm-designpatterncommand/src/test/java
2015-10-22 15:40:55,407 [Worker-7] INFO  o.e.m.j.i.AbstractJavaProjectConfigurator - Adding resource folder /bankonet-ihm-designpatterncommand/src/test/resources
2015-10-22 15:40:55,474 [Worker-7] INFO  o.e.m.j.i.AbstractJavaProjectConfigurator - Adding source folder /bankonet-lib/src/main/java
2015-10-22 15:40:55,474 [Worker-7] INFO  o.e.m.j.i.AbstractJavaProjectConfigurator - Adding resource folder /bankonet-lib/src/main/resources
2015-10-22 15:40:55,479 [Worker-7] INFO  o.e.m.j.i.AbstractJavaProjectConfigurator - Adding source folder /bankonet-lib/src/test/java
2015-10-22 15:40:55,479 [Worker-7] INFO  o.e.m.j.i.AbstractJavaProjectConfigurator - Adding resource folder /bankonet-lib/src/test/resources
2015-10-22 15:40:55,765 [Worker-7] INFO  o.e.m.c.i.p.ProjectConfigurationManager - Update completed: 2 sec
2015-10-22 15:40:57,549 [Worker-11] WARN  o.e.m.c.i.embedder.EclipseLogger - Using platform encoding (Cp1252 actually) to copy filtered resources, i.e. build is platform dependent!
2015-10-22 15:40:57,554 [Worker-11] INFO  o.e.m.c.i.embedder.EclipseLogger - Copying 1 resource
2015-10-22 15:40:57,566 [Worker-11] WARN  o.e.m.c.i.embedder.EclipseLogger - Using platform encoding (Cp1252 actually) to copy filtered resources, i.e. build is platform dependent!
2015-10-22 15:40:57,570 [Worker-11] INFO  o.e.m.c.i.embedder.EclipseLogger - Copying 0 resource
2015-10-22 15:40:58,272 [Worker-7] WARN  o.e.m.c.i.embedder.EclipseLogger - Using platform encoding (Cp1252 actually) to copy filtered resources, i.e. build is platform dependent!
2015-10-22 15:40:58,289 [Worker-7] INFO  o.e.m.c.i.embedder.EclipseLogger - Copying 1 resource
2015-10-22 15:40:58,291 [Worker-7] WARN  o.e.m.c.i.embedder.EclipseLogger - Using platform encoding (Cp1252 actually) to copy filtered resources, i.e. build is platform dependent!
2015-10-22 15:40:58,297 [Worker-7] INFO  o.e.m.c.i.embedder.EclipseLogger - Copying 0 resource
2015-10-22 15:40:58,722 [Worker-1] WARN  o.e.m.c.i.embedder.EclipseLogger - Using platform encoding (Cp1252 actually) to copy filtered resources, i.e. build is platform dependent!
2015-10-22 15:40:58,728 [Worker-1] INFO  o.e.m.c.i.embedder.EclipseLogger - Copying 1 resource
2015-10-22 15:40:58,731 [Worker-1] WARN  o.e.m.c.i.embedder.EclipseLogger - Using platform encoding (Cp1252 actually) to copy filtered resources, i.e. build is platform dependent!
2015-10-22 15:40:58,736 [Worker-1] INFO  o.e.m.c.i.embedder.EclipseLogger - Copying 0 resource
2015-10-22 15:40:59,238 [Worker-12] WARN  o.e.m.c.i.embedder.EclipseLogger - Using platform encoding (Cp1252 actually) to copy filtered resources, i.e. build is platform dependent!
2015-10-22 15:40:59,246 [Worker-12] INFO  o.e.m.c.i.embedder.EclipseLogger - Copying 1 resource
2015-10-22 15:40:59,249 [Worker-12] WARN  o.e.m.c.i.embedder.EclipseLogger - Using platform encoding (Cp1252 actually) to copy filtered resources, i.e. build is platform dependent!
2015-10-22 15:40:59,251 [Worker-12] INFO  o.e.m.c.i.embedder.EclipseLogger - Copying 0 resource
2015-10-22 15:41:09,167 [Worker-13] INFO  o.e.m.i.launch.MavenLaunchDelegate - C:\Users\ETY\Desktop\Clever\GITHUB\Bankonet\bankonet-ihm-client
2015-10-22 15:41:09,170 [Worker-13] INFO  o.e.m.i.launch.MavenLaunchDelegate -  mvn  -B install
2015-10-22 15:41:12,306 [Worker-14] WARN  o.e.m.c.i.embedder.EclipseLogger - Using platform encoding (Cp1252 actually) to copy filtered resources, i.e. build is platform dependent!
2015-10-22 15:41:12,312 [Worker-14] INFO  o.e.m.c.i.embedder.EclipseLogger - Copying 0 resource
2015-10-22 15:41:12,316 [Worker-14] WARN  o.e.m.c.i.embedder.EclipseLogger - Using platform encoding (Cp1252 actually) to copy filtered resources, i.e. build is platform dependent!
2015-10-22 15:41:12,322 [Worker-14] INFO  o.e.m.c.i.embedder.EclipseLogger - Copying 0 resource
2015-10-22 15:42:20,789 [Worker-3] INFO  o.e.m.i.launch.MavenLaunchDelegate - C:\Users\ETY\Desktop\Clever\GITHUB\Bankonet\bankonet-lib
2015-10-22 15:42:20,789 [Worker-3] INFO  o.e.m.i.launch.MavenLaunchDelegate -  mvn  -B install
2015-10-22 15:42:25,180 [Worker-8] WARN  o.e.m.c.i.embedder.EclipseLogger - Using platform encoding (Cp1252 actually) to copy filtered resources, i.e. build is platform dependent!
2015-10-22 15:42:25,188 [Worker-8] INFO  o.e.m.c.i.embedder.EclipseLogger - Copying 1 resource
2015-10-22 15:42:25,191 [Worker-8] WARN  o.e.m.c.i.embedder.EclipseLogger - Using platform encoding (Cp1252 actually) to copy filtered resources, i.e. build is platform dependent!
2015-10-22 15:42:25,197 [Worker-8] INFO  o.e.m.c.i.embedder.EclipseLogger - Copying 0 resource
2015-10-22 15:42:34,387 [Worker-6] INFO  o.e.m.i.launch.MavenLaunchDelegate - C:\Users\ETY\Desktop\Clever\GITHUB\Bankonet\bankonet-ihm-designpatterncommand
2015-10-22 15:42:34,392 [Worker-6] INFO  o.e.m.i.launch.MavenLaunchDelegate -  mvn  -B install
2015-10-22 15:42:38,450 [Worker-8] WARN  o.e.m.c.i.embedder.EclipseLogger - Using platform encoding (Cp1252 actually) to copy filtered resources, i.e. build is platform dependent!
2015-10-22 15:42:38,465 [Worker-8] INFO  o.e.m.c.i.embedder.EclipseLogger - Copying 1 resource
2015-10-22 15:42:38,468 [Worker-8] WARN  o.e.m.c.i.embedder.EclipseLogger - Using platform encoding (Cp1252 actually) to copy filtered resources, i.e. build is platform dependent!
2015-10-22 15:42:38,474 [Worker-8] INFO  o.e.m.c.i.embedder.EclipseLogger - Copying 0 resource
2015-10-22 15:42:45,746 [Worker-14] INFO  o.e.m.i.launch.MavenLaunchDelegate - C:\Users\ETY\Desktop\Clever\GITHUB\Bankonet\bankonet-ihm-conseiller
2015-10-22 15:42:45,747 [Worker-14] INFO  o.e.m.i.launch.MavenLaunchDelegate -  mvn  -B install
2015-10-22 15:42:49,451 [Worker-11] WARN  o.e.m.c.i.embedder.EclipseLogger - Using platform encoding (Cp1252 actually) to copy filtered resources, i.e. build is platform dependent!
2015-10-22 15:42:49,458 [Worker-11] INFO  o.e.m.c.i.embedder.EclipseLogger - Copying 1 resource
2015-10-22 15:42:49,463 [Worker-11] WARN  o.e.m.c.i.embedder.EclipseLogger - Using platform encoding (Cp1252 actually) to copy filtered resources, i.e. build is platform dependent!
2015-10-22 15:42:49,468 [Worker-11] INFO  o.e.m.c.i.embedder.EclipseLogger - Copying 0 resource
2015-10-22 15:42:59,431 [Worker-11] INFO  o.e.m.i.launch.MavenLaunchDelegate - C:\Users\ETY\Desktop\Clever\GITHUB\Bankonet\bankonet-ihm-client
2015-10-22 15:42:59,434 [Worker-11] INFO  o.e.m.i.launch.MavenLaunchDelegate -  mvn  -B install
2015-10-22 15:43:02,713 [Worker-9] WARN  o.e.m.c.i.embedder.EclipseLogger - Using platform encoding (Cp1252 actually) to copy filtered resources, i.e. build is platform dependent!
2015-10-22 15:43:02,730 [Worker-9] INFO  o.e.m.c.i.embedder.EclipseLogger - Copying 0 resource
2015-10-22 15:43:02,735 [Worker-9] WARN  o.e.m.c.i.embedder.EclipseLogger - Using platform encoding (Cp1252 actually) to copy filtered resources, i.e. build is platform dependent!
2015-10-22 15:43:02,739 [Worker-9] INFO  o.e.m.c.i.embedder.EclipseLogger - Copying 0 resource
2015-10-22 15:44:23,279 [main] INFO  o.e.m2e.actions.ExecutePomAction - Creating new launch configuration
2015-10-22 15:44:36,914 [Worker-4] INFO  o.e.m.i.launch.MavenLaunchDelegate - C:\Users\ETY\Desktop\Clever\GITHUB\Bankonet\bankonet-ihm-designpatterncommand
2015-10-22 15:44:36,915 [Worker-4] INFO  o.e.m.i.launch.MavenLaunchDelegate -  mvn  -B dependency:analyze
2015-10-22 16:43:19,792 [Worker-1] INFO  o.e.m.c.i.l.LifecycleMappingFactory - Using org.eclipse.m2e.jdt.JarLifecycleMapping lifecycle mapping for MavenProject: Bankonet:Bankonet-lib:0.0.1 @ C:\Users\ETY\Desktop\Clever\GITHUB\Bankonet\Bankonet\bankonet-lib\pom.xml.
2015-10-22 16:43:20,666 [Worker-1] WARN  o.e.m.c.i.embedder.EclipseLogger - Using platform encoding (Cp1252 actually) to copy filtered resources, i.e. build is platform dependent!
2015-10-22 16:43:20,713 [Worker-1] INFO  o.e.m.c.i.embedder.EclipseLogger - Copying 1 resource
2015-10-22 16:43:20,713 [Worker-1] WARN  o.e.m.c.i.embedder.EclipseLogger - Using platform encoding (Cp1252 actually) to copy filtered resources, i.e. build is platform dependent!
2015-10-22 16:43:20,728 [Worker-1] INFO  o.e.m.c.i.embedder.EclipseLogger - Copying 0 resource
2015-10-22 16:43:21,305 [Worker-1] INFO  o.e.m.c.i.l.LifecycleMappingFactory - Using org.eclipse.m2e.jdt.JarLifecycleMapping lifecycle mapping for MavenProject: Bankonet:Bankonet-ihm-designpatterncommand:0.0.1 @ C:\Users\ETY\Desktop\Clever\GITHUB\Bankonet\Bankonet\bankonet-ihm-designpatterncommand\pom.xml.
2015-10-22 16:43:21,617 [Worker-1] WARN  o.e.m.c.i.embedder.EclipseLogger - Using platform encoding (Cp1252 actually) to copy filtered resources, i.e. build is platform dependent!
2015-10-22 16:43:21,617 [Worker-1] INFO  o.e.m.c.i.embedder.EclipseLogger - Copying 1 resource
2015-10-22 16:43:21,633 [Worker-1] WARN  o.e.m.c.i.embedder.EclipseLogger - Using platform encoding (Cp1252 actually) to copy filtered resources, i.e. build is platform dependent!
2015-10-22 16:43:21,633 [Worker-1] INFO  o.e.m.c.i.embedder.EclipseLogger - Copying 0 resource
2015-10-22 16:43:21,914 [Worker-1] INFO  o.e.m.c.i.l.LifecycleMappingFactory - Using org.eclipse.m2e.jdt.JarLifecycleMapping lifecycle mapping for MavenProject: Bankonet:Bankonet-ihm-conseiller:0.0.1 @ C:\Users\ETY\Desktop\Clever\GITHUB\Bankonet\Bankonet\bankonet-ihm-conseiller\pom.xml.
2015-10-22 16:43:22,210 [Worker-1] WARN  o.e.m.c.i.embedder.EclipseLogger - Using platform encoding (Cp1252 actually) to copy filtered resources, i.e. build is platform dependent!
2015-10-22 16:43:22,226 [Worker-1] INFO  o.e.m.c.i.embedder.EclipseLogger - Copying 1 resource
2015-10-22 16:43:22,241 [Worker-1] WARN  o.e.m.c.i.embedder.EclipseLogger - Using platform encoding (Cp1252 actually) to copy filtered resources, i.e. build is platform dependent!
2015-10-22 16:43:22,522 [Worker-1] INFO  o.e.m.c.i.embedder.EclipseLogger - Copying 0 resource
2015-10-22 16:43:23,240 [Worker-1] INFO  o.e.m.c.i.l.LifecycleMappingFactory - Using org.eclipse.m2e.jdt.JarLifecycleMapping lifecycle mapping for MavenProject: Bankonet:Bankonet-ihm-client:0.0.1 @ C:\Users\ETY\Desktop\Clever\GITHUB\Bankonet\Bankonet\bankonet-ihm-client\pom.xml.
2015-10-22 16:43:23,474 [Worker-1] WARN  o.e.m.c.i.embedder.EclipseLogger - Using platform encoding (Cp1252 actually) to copy filtered resources, i.e. build is platform dependent!
2015-10-22 16:43:23,474 [Worker-1] INFO  o.e.m.c.i.embedder.EclipseLogger - Copying 1 resource
2015-10-22 16:43:23,489 [Worker-1] WARN  o.e.m.c.i.embedder.EclipseLogger - Using platform encoding (Cp1252 actually) to copy filtered resources, i.e. build is platform dependent!
2015-10-22 16:43:23,489 [Worker-1] INFO  o.e.m.c.i.embedder.EclipseLogger - Copying 0 resource
2015-10-22 16:43:25,658 [Worker-11] INFO  o.e.m.c.i.l.LifecycleMappingFactory - Using org.eclipse.m2e.jdt.JarLifecycleMapping lifecycle mapping for MavenProject: Bankonet:Bankonet-ihm-client:0.0.1 @ C:\Users\ETY\Desktop\Clever\GITHUB\Bankonet\Bankonet\bankonet-ihm-client\pom.xml.
2015-10-22 16:43:26,048 [Worker-11] INFO  o.e.m.c.i.l.LifecycleMappingFactory - Using org.eclipse.m2e.jdt.JarLifecycleMapping lifecycle mapping for MavenProject: Bankonet:Bankonet-ihm-conseiller:0.0.1 @ C:\Users\ETY\Desktop\Clever\GITHUB\Bankonet\Bankonet\bankonet-ihm-conseiller\pom.xml.
2015-10-22 16:43:26,360 [Worker-11] INFO  o.e.m.c.i.l.LifecycleMappingFactory - Using org.eclipse.m2e.jdt.JarLifecycleMapping lifecycle mapping for MavenProject: Bankonet:Bankonet-ihm-designpatterncommand:0.0.1 @ C:\Users\ETY\Desktop\Clever\GITHUB\Bankonet\Bankonet\bankonet-ihm-designpatterncommand\pom.xml.
2015-10-22 16:43:26,500 [Worker-11] INFO  o.e.m.c.i.l.LifecycleMappingFactory - Using org.eclipse.m2e.jdt.JarLifecycleMapping lifecycle mapping for MavenProject: Bankonet:Bankonet-lib:0.0.1 @ C:\Users\ETY\Desktop\Clever\GITHUB\Bankonet\Bankonet\bankonet-lib\pom.xml.
2015-10-22 16:43:32,459 [Worker-2] WARN  o.e.m.c.i.embedder.EclipseLogger - Using platform encoding (Cp1252 actually) to copy filtered resources, i.e. build is platform dependent!
2015-10-22 16:43:32,475 [Worker-2] INFO  o.e.m.c.i.embedder.EclipseLogger - Copying 0 resource
2015-10-22 16:43:32,475 [Worker-2] WARN  o.e.m.c.i.embedder.EclipseLogger - Using platform encoding (Cp1252 actually) to copy filtered resources, i.e. build is platform dependent!
2015-10-22 16:43:32,475 [Worker-2] INFO  o.e.m.c.i.embedder.EclipseLogger - Copying 0 resource
2015-10-22 16:43:32,974 [Worker-14] WARN  o.e.m.c.i.embedder.EclipseLogger - Using platform encoding (Cp1252 actually) to copy filtered resources, i.e. build is platform dependent!
2015-10-22 16:43:32,974 [Worker-14] INFO  o.e.m.c.i.embedder.EclipseLogger - Copying 0 resource
2015-10-22 16:43:32,990 [Worker-14] WARN  o.e.m.c.i.embedder.EclipseLogger - Using platform encoding (Cp1252 actually) to copy filtered resources, i.e. build is platform dependent!
2015-10-22 16:43:32,990 [Worker-14] INFO  o.e.m.c.i.embedder.EclipseLogger - Copying 0 resource
2015-10-22 16:43:33,224 [Worker-14] WARN  o.e.m.c.i.embedder.EclipseLogger - Using platform encoding (Cp1252 actually) to copy filtered resources, i.e. build is platform dependent!
2015-10-22 16:43:33,224 [Worker-14] INFO  o.e.m.c.i.embedder.EclipseLogger - Copying 0 resource
2015-10-22 16:43:33,224 [Worker-14] WARN  o.e.m.c.i.embedder.EclipseLogger - Using platform encoding (Cp1252 actually) to copy filtered resources, i.e. build is platform dependent!
2015-10-22 16:43:33,239 [Worker-14] INFO  o.e.m.c.i.embedder.EclipseLogger - Copying 0 resource
2015-10-22 16:43:33,505 [Worker-12] WARN  o.e.m.c.i.embedder.EclipseLogger - Using platform encoding (Cp1252 actually) to copy filtered resources, i.e. build is platform dependent!
2015-10-22 16:43:33,505 [Worker-12] INFO  o.e.m.c.i.embedder.EclipseLogger - Copying 0 resource
2015-10-22 16:43:33,520 [Worker-12] WARN  o.e.m.c.i.embedder.EclipseLogger - Using platform encoding (Cp1252 actually) to copy filtered resources, i.e. build is platform dependent!
2015-10-22 16:43:33,520 [Worker-12] INFO  o.e.m.c.i.embedder.EclipseLogger - Copying 0 resource
2015-10-22 16:56:57,122 [Worker-21] INFO  o.e.m.c.i.l.LifecycleMappingFactory - Using org.eclipse.m2e.jdt.JarLifecycleMapping lifecycle mapping for MavenProject: Bankonet:Bankonet-lib:0.0.1 @ C:\Users\ETY\Desktop\Clever\GITHUB\Bankonet\Bankonet\bankonet-lib\pom.xml.
2015-10-22 16:56:57,247 [Worker-21] INFO  o.e.m.c.i.l.LifecycleMappingFactory - Using org.eclipse.m2e.jdt.JarLifecycleMapping lifecycle mapping for MavenProject: Bankonet:Bankonet-ihm-client:0.0.1 @ C:\Users\ETY\Desktop\Clever\GITHUB\Bankonet\Bankonet\bankonet-ihm-client\pom.xml.
2015-10-22 16:56:57,388 [Worker-21] INFO  o.e.m.c.i.l.LifecycleMappingFactory - Using org.eclipse.m2e.jdt.JarLifecycleMapping lifecycle mapping for MavenProject: Bankonet:Bankonet-ihm-conseiller:0.0.1 @ C:\Users\ETY\Desktop\Clever\GITHUB\Bankonet\Bankonet\bankonet-ihm-conseiller\pom.xml.
2015-10-22 16:56:57,497 [Worker-21] INFO  o.e.m.c.i.l.LifecycleMappingFactory - Using org.eclipse.m2e.jdt.JarLifecycleMapping lifecycle mapping for MavenProject: Bankonet:Bankonet-ihm-designpatterncommand:0.0.1 @ C:\Users\ETY\Desktop\Clever\GITHUB\Bankonet\Bankonet\bankonet-ihm-designpatterncommand\pom.xml.
2015-10-22 16:56:58,123 [Worker-21] WARN  o.e.m.c.i.embedder.EclipseLogger - Using platform encoding (Cp1252 actually) to copy filtered resources, i.e. build is platform dependent!
2015-10-22 16:56:58,124 [Worker-21] INFO  o.e.m.c.i.embedder.EclipseLogger - Copying 0 resource
2015-10-22 16:56:58,124 [Worker-21] WARN  o.e.m.c.i.embedder.EclipseLogger - Using platform encoding (Cp1252 actually) to copy filtered resources, i.e. build is platform dependent!
2015-10-22 16:56:58,124 [Worker-21] INFO  o.e.m.c.i.embedder.EclipseLogger - Copying 0 resource
2015-10-22 16:56:59,310 [Worker-22] WARN  o.e.m.c.i.embedder.EclipseLogger - Using platform encoding (Cp1252 actually) to copy filtered resources, i.e. build is platform dependent!
2015-10-22 16:56:59,315 [Worker-22] INFO  o.e.m.c.i.embedder.EclipseLogger - Copying 1 resource
2015-10-22 16:56:59,326 [Worker-22] WARN  o.e.m.c.i.embedder.EclipseLogger - Using platform encoding (Cp1252 actually) to copy filtered resources, i.e. build is platform dependent!
2015-10-22 16:56:59,330 [Worker-22] INFO  o.e.m.c.i.embedder.EclipseLogger - Copying 0 resource
2015-10-22 16:56:59,505 [Worker-22] WARN  o.e.m.c.i.embedder.EclipseLogger - Using platform encoding (Cp1252 actually) to copy filtered resources, i.e. build is platform dependent!
2015-10-22 16:56:59,521 [Worker-22] INFO  o.e.m.c.i.embedder.EclipseLogger - Copying 1 resource
2015-10-22 16:56:59,521 [Worker-22] WARN  o.e.m.c.i.embedder.EclipseLogger - Using platform encoding (Cp1252 actually) to copy filtered resources, i.e. build is platform dependent!
2015-10-22 16:56:59,521 [Worker-22] INFO  o.e.m.c.i.embedder.EclipseLogger - Copying 0 resource
2015-10-22 16:56:59,661 [Worker-22] WARN  o.e.m.c.i.embedder.EclipseLogger - Using platform encoding (Cp1252 actually) to copy filtered resources, i.e. build is platform dependent!
2015-10-22 16:56:59,677 [Worker-22] INFO  o.e.m.c.i.embedder.EclipseLogger - Copying 1 resource
2015-10-22 16:56:59,677 [Worker-22] WARN  o.e.m.c.i.embedder.EclipseLogger - Using platform encoding (Cp1252 actually) to copy filtered resources, i.e. build is platform dependent!
2015-10-22 16:56:59,677 [Worker-22] INFO  o.e.m.c.i.embedder.EclipseLogger - Copying 0 resource
2015-10-22 16:56:59,834 [Worker-22] WARN  o.e.m.c.i.embedder.EclipseLogger - Using platform encoding (Cp1252 actually) to copy filtered resources, i.e. build is platform dependent!
2015-10-22 16:56:59,834 [Worker-22] INFO  o.e.m.c.i.embedder.EclipseLogger - Copying 1 resource
2015-10-22 16:56:59,834 [Worker-22] WARN  o.e.m.c.i.embedder.EclipseLogger - Using platform encoding (Cp1252 actually) to copy filtered resources, i.e. build is platform dependent!
2015-10-22 16:56:59,834 [Worker-22] INFO  o.e.m.c.i.embedder.EclipseLogger - Copying 0 resource
2015-10-22 16:57:28,212 [Worker-21] INFO  o.e.m.c.i.l.LifecycleMappingFactory - Using org.eclipse.m2e.jdt.JarLifecycleMapping lifecycle mapping for MavenProject: Bankonet:Bankonet-lib:0.0.1 @ C:\Users\ETY\Desktop\Clever\GITHUB\Bankonet\Bankonet\bankonet-lib\pom.xml.
2015-10-22 16:57:28,290 [Worker-21] WARN  o.e.m.c.i.embedder.EclipseLogger - Using platform encoding (Cp1252 actually) to copy filtered resources, i.e. build is platform dependent!
2015-10-22 16:57:28,290 [Worker-21] INFO  o.e.m.c.i.embedder.EclipseLogger - Copying 0 resource
2015-10-22 16:57:28,290 [Worker-21] WARN  o.e.m.c.i.embedder.EclipseLogger - Using platform encoding (Cp1252 actually) to copy filtered resources, i.e. build is platform dependent!
2015-10-22 16:57:28,306 [Worker-21] INFO  o.e.m.c.i.embedder.EclipseLogger - Copying 0 resource
2015-10-22 17:01:34,270 [Worker-24] WARN  o.e.m.c.i.embedder.EclipseLogger - Using platform encoding (Cp1252 actually) to copy filtered resources, i.e. build is platform dependent!
2015-10-22 17:01:34,302 [Worker-24] INFO  o.e.m.c.i.embedder.EclipseLogger - Copying 0 resource
2015-10-22 17:01:34,302 [Worker-24] WARN  o.e.m.c.i.embedder.EclipseLogger - Using platform encoding (Cp1252 actually) to copy filtered resources, i.e. build is platform dependent!
2015-10-22 17:01:34,317 [Worker-24] INFO  o.e.m.c.i.embedder.EclipseLogger - Copying 0 resource
2015-10-22 17:01:42,975 [Worker-22] INFO  o.e.m.c.i.l.LifecycleMappingFactory - Using org.eclipse.m2e.jdt.JarLifecycleMapping lifecycle mapping for MavenProject: Bankonet:Bankonet-lib:0.0.1 @ C:\Users\ETY\Desktop\Clever\GITHUB\Bankonet\Bankonet\bankonet-lib\pom.xml.
2015-10-22 17:01:43,053 [Worker-22] INFO  o.e.m.c.i.l.LifecycleMappingFactory - Using org.eclipse.m2e.jdt.JarLifecycleMapping lifecycle mapping for MavenProject: Bankonet:Bankonet-ihm-client:0.0.1 @ C:\Users\ETY\Desktop\Clever\GITHUB\Bankonet\Bankonet\bankonet-ihm-client\pom.xml.
2015-10-22 17:01:43,162 [Worker-22] INFO  o.e.m.c.i.l.LifecycleMappingFactory - Using org.eclipse.m2e.jdt.JarLifecycleMapping lifecycle mapping for MavenProject: Bankonet:Bankonet-ihm-conseiller:0.0.1 @ C:\Users\ETY\Desktop\Clever\GITHUB\Bankonet\Bankonet\bankonet-ihm-conseiller\pom.xml.
2015-10-22 17:01:43,225 [Worker-22] INFO  o.e.m.c.i.l.LifecycleMappingFactory - Using org.eclipse.m2e.jdt.JarLifecycleMapping lifecycle mapping for MavenProject: Bankonet:Bankonet-ihm-designpatterncommand:0.0.1 @ C:\Users\ETY\Desktop\Clever\GITHUB\Bankonet\Bankonet\bankonet-ihm-designpatterncommand\pom.xml.
2015-10-22 17:01:43,412 [Worker-22] WARN  o.e.m.c.i.embedder.EclipseLogger - Using platform encoding (Cp1252 actually) to copy filtered resources, i.e. build is platform dependent!
2015-10-22 17:01:43,412 [Worker-22] INFO  o.e.m.c.i.embedder.EclipseLogger - Copying 0 resource
2015-10-22 17:01:43,412 [Worker-22] WARN  o.e.m.c.i.embedder.EclipseLogger - Using platform encoding (Cp1252 actually) to copy filtered resources, i.e. build is platform dependent!
2015-10-22 17:01:43,412 [Worker-22] INFO  o.e.m.c.i.embedder.EclipseLogger - Copying 0 resource
2015-10-22 17:01:43,662 [Worker-22] WARN  o.e.m.c.i.embedder.EclipseLogger - Using platform encoding (Cp1252 actually) to copy filtered resources, i.e. build is platform dependent!
2015-10-22 17:01:43,677 [Worker-22] INFO  o.e.m.c.i.embedder.EclipseLogger - Copying 1 resource
2015-10-22 17:01:43,677 [Worker-22] WARN  o.e.m.c.i.embedder.EclipseLogger - Using platform encoding (Cp1252 actually) to copy filtered resources, i.e. build is platform dependent!
2015-10-22 17:01:43,677 [Worker-22] INFO  o.e.m.c.i.embedder.EclipseLogger - Copying 0 resource
2015-10-22 17:01:44,348 [Worker-24] WARN  o.e.m.c.i.embedder.EclipseLogger - Using platform encoding (Cp1252 actually) to copy filtered resources, i.e. build is platform dependent!
2015-10-22 17:01:44,348 [Worker-24] INFO  o.e.m.c.i.embedder.EclipseLogger - Copying 1 resource
2015-10-22 17:01:44,348 [Worker-24] WARN  o.e.m.c.i.embedder.EclipseLogger - Using platform encoding (Cp1252 actually) to copy filtered resources, i.e. build is platform dependent!
2015-10-22 17:01:44,364 [Worker-24] INFO  o.e.m.c.i.embedder.EclipseLogger - Copying 0 resource
2015-10-22 17:01:44,473 [Worker-24] WARN  o.e.m.c.i.embedder.EclipseLogger - Using platform encoding (Cp1252 actually) to copy filtered resources, i.e. build is platform dependent!
2015-10-22 17:01:44,473 [Worker-24] INFO  o.e.m.c.i.embedder.EclipseLogger - Copying 1 resource
2015-10-22 17:01:44,473 [Worker-24] WARN  o.e.m.c.i.embedder.EclipseLogger - Using platform encoding (Cp1252 actually) to copy filtered resources, i.e. build is platform dependent!
2015-10-22 17:01:44,488 [Worker-24] INFO  o.e.m.c.i.embedder.EclipseLogger - Copying 0 resource
2015-10-22 17:02:47,790 [Worker-24] WARN  o.e.m.c.i.embedder.EclipseLogger - Using platform encoding (Cp1252 actually) to copy filtered resources, i.e. build is platform dependent!
2015-10-22 17:02:47,790 [Worker-24] INFO  o.e.m.c.i.embedder.EclipseLogger - Copying 0 resource
2015-10-22 17:02:47,805 [Worker-24] WARN  o.e.m.c.i.embedder.EclipseLogger - Using platform encoding (Cp1252 actually) to copy filtered resources, i.e. build is platform dependent!
2015-10-22 17:02:47,805 [Worker-24] INFO  o.e.m.c.i.embedder.EclipseLogger - Copying 0 resource
2015-10-22 17:04:52,031 [Start Help Server] INFO  org.eclipse.jetty.util.log - Logging initialized @1312029ms
2015-10-22 17:04:52,109 [Start Help Server] INFO  org.eclipse.jetty.server.Server - jetty-9.2.13.v20150730
2015-10-22 17:04:52,171 [Start Help Server] INFO  o.e.j.server.handler.ContextHandler - Started o.e.j.s.ServletContextHandler@6041feb3{/help,null,AVAILABLE}
2015-10-22 17:04:52,187 [Start Help Server] INFO  o.e.jetty.server.ServerConnector - Started ServerConnector@58385992{HTTP/1.1}{127.0.0.1:52704}
2015-10-22 17:04:52,187 [Start Help Server] INFO  org.eclipse.jetty.server.Server - Started @1312198ms
2015-10-22 17:05:23,524 [Worker-26] WARN  o.e.m.c.i.embedder.EclipseLogger - Using platform encoding (Cp1252 actually) to copy filtered resources, i.e. build is platform dependent!
2015-10-22 17:05:23,524 [Worker-26] INFO  o.e.m.c.i.embedder.EclipseLogger - Copying 0 resource
2015-10-22 17:05:23,539 [Worker-26] WARN  o.e.m.c.i.embedder.EclipseLogger - Using platform encoding (Cp1252 actually) to copy filtered resources, i.e. build is platform dependent!
2015-10-22 17:05:23,539 [Worker-26] INFO  o.e.m.c.i.embedder.EclipseLogger - Copying 0 resource
2015-10-22 17:14:50,111 [Worker-6] WARN  o.e.m.c.i.embedder.EclipseLogger - Using platform encoding (Cp1252 actually) to copy filtered resources, i.e. build is platform dependent!
2015-10-22 17:14:50,111 [Worker-6] INFO  o.e.m.c.i.embedder.EclipseLogger - Copying 0 resource
2015-10-22 17:14:50,111 [Worker-6] WARN  o.e.m.c.i.embedder.EclipseLogger - Using platform encoding (Cp1252 actually) to copy filtered resources, i.e. build is platform dependent!
2015-10-22 17:14:50,126 [Worker-6] INFO  o.e.m.c.i.embedder.EclipseLogger - Copying 0 resource
2015-10-22 17:15:21,750 [Worker-36] WARN  o.e.m.c.i.embedder.EclipseLogger - Using platform encoding (Cp1252 actually) to copy filtered resources, i.e. build is platform dependent!
2015-10-22 17:15:21,766 [Worker-36] INFO  o.e.m.c.i.embedder.EclipseLogger - Copying 0 resource
2015-10-22 17:15:21,766 [Worker-36] WARN  o.e.m.c.i.embedder.EclipseLogger - Using platform encoding (Cp1252 actually) to copy filtered resources, i.e. build is platform dependent!
2015-10-22 17:15:21,766 [Worker-36] INFO  o.e.m.c.i.embedder.EclipseLogger - Copying 0 resource
2015-10-22 17:15:42,191 [Worker-34] WARN  o.e.m.c.i.embedder.EclipseLogger - Using platform encoding (Cp1252 actually) to copy filtered resources, i.e. build is platform dependent!
2015-10-22 17:15:42,207 [Worker-34] INFO  o.e.m.c.i.embedder.EclipseLogger - Copying 0 resource
2015-10-22 17:15:42,207 [Worker-34] WARN  o.e.m.c.i.embedder.EclipseLogger - Using platform encoding (Cp1252 actually) to copy filtered resources, i.e. build is platform dependent!
2015-10-22 17:15:42,207 [Worker-34] INFO  o.e.m.c.i.embedder.EclipseLogger - Copying 0 resource
2015-10-22 17:16:30,221 [Worker-6] WARN  o.e.m.c.i.embedder.EclipseLogger - Using platform encoding (Cp1252 actually) to copy filtered resources, i.e. build is platform dependent!
2015-10-22 17:16:30,221 [Worker-6] INFO  o.e.m.c.i.embedder.EclipseLogger - Copying 0 resource
2015-10-22 17:16:30,221 [Worker-6] WARN  o.e.m.c.i.embedder.EclipseLogger - Using platform encoding (Cp1252 actually) to copy filtered resources, i.e. build is platform dependent!
2015-10-22 17:16:30,237 [Worker-6] INFO  o.e.m.c.i.embedder.EclipseLogger - Copying 0 resource
2015-10-22 17:17:55,205 [Worker-6] WARN  o.e.m.c.i.embedder.EclipseLogger - Using platform encoding (Cp1252 actually) to copy filtered resources, i.e. build is platform dependent!
2015-10-22 17:17:55,205 [Worker-6] INFO  o.e.m.c.i.embedder.EclipseLogger - Copying 0 resource
2015-10-22 17:17:55,205 [Worker-6] WARN  o.e.m.c.i.embedder.EclipseLogger - Using platform encoding (Cp1252 actually) to copy filtered resources, i.e. build is platform dependent!
2015-10-22 17:17:55,220 [Worker-6] INFO  o.e.m.c.i.embedder.EclipseLogger - Copying 0 resource
2015-10-22 17:18:08,982 [Worker-37] WARN  o.e.m.c.i.embedder.EclipseLogger - Using platform encoding (Cp1252 actually) to copy filtered resources, i.e. build is platform dependent!
2015-10-22 17:18:08,982 [Worker-37] INFO  o.e.m.c.i.embedder.EclipseLogger - Copying 0 resource
2015-10-22 17:18:08,982 [Worker-37] WARN  o.e.m.c.i.embedder.EclipseLogger - Using platform encoding (Cp1252 actually) to copy filtered resources, i.e. build is platform dependent!
2015-10-22 17:18:08,982 [Worker-37] INFO  o.e.m.c.i.embedder.EclipseLogger - Copying 0 resource
2015-10-22 17:19:39,868 [Worker-38] WARN  o.e.m.c.i.embedder.EclipseLogger - Using platform encoding (Cp1252 actually) to copy filtered resources, i.e. build is platform dependent!
2015-10-22 17:19:39,868 [Worker-38] INFO  o.e.m.c.i.embedder.EclipseLogger - Copying 0 resource
2015-10-22 17:19:39,883 [Worker-38] WARN  o.e.m.c.i.embedder.EclipseLogger - Using platform encoding (Cp1252 actually) to copy filtered resources, i.e. build is platform dependent!
2015-10-22 17:19:39,883 [Worker-38] INFO  o.e.m.c.i.embedder.EclipseLogger - Copying 0 resource
2015-10-22 17:19:43,908 [Worker-37] WARN  o.e.m.c.i.embedder.EclipseLogger - Using platform encoding (Cp1252 actually) to copy filtered resources, i.e. build is platform dependent!
2015-10-22 17:19:43,908 [Worker-37] INFO  o.e.m.c.i.embedder.EclipseLogger - Copying 0 resource
2015-10-22 17:19:43,908 [Worker-37] WARN  o.e.m.c.i.embedder.EclipseLogger - Using platform encoding (Cp1252 actually) to copy filtered resources, i.e. build is platform dependent!
2015-10-22 17:19:43,908 [Worker-37] INFO  o.e.m.c.i.embedder.EclipseLogger - Copying 0 resource
2015-10-22 17:24:08,241 [Stop Help Server] INFO  o.e.jetty.server.ServerConnector - Stopped ServerConnector@58385992{HTTP/1.1}{127.0.0.1:0}
2015-10-22 17:24:08,256 [Stop Help Server] INFO  o.e.j.server.handler.ContextHandler - Stopped o.e.j.s.ServletContextHandler@6041feb3{/help,null,UNAVAILABLE}
